app/build/intermediates/manifest_merge_blame_file/debug/manifest-merger-blame-debug-report.txt
1<?xml version="1.0" encoding="utf-8"?>
2<manifest xmlns:android="http://schemas.android.com/apk/res/android"
3    package="com.hermes.firetv"
4    android:versionCode="1"
5    android:versionName="1.0.0" >
6
7    <uses-sdk
8        android:minSdkVersion="22"
9        android:targetSdkVersion="34" />
10
11    <!-- Permissions -->
12    <uses-permission android:name="android.permission.INTERNET" />
12-->src/main/AndroidManifest.xml:6:5-67
12-->src/main/AndroidManifest.xml:6:22-64
13    <uses-permission android:name="android.permission.WAKE_LOCK" />
13-->src/main/AndroidManifest.xml:7:5-68
13-->src/main/AndroidManifest.xml:7:22-65
14    <uses-permission android:name="android.permission.FOREGROUND_SERVICE" />
14-->src/main/AndroidManifest.xml:8:5-77
14-->src/main/AndroidManifest.xml:8:22-74
15    <uses-permission android:name="android.permission.FOREGROUND_SERVICE_SPECIAL_USE" />
15-->src/main/AndroidManifest.xml:9:5-89
15-->src/main/AndroidManifest.xml:9:22-86
16    <uses-permission android:name="android.permission.RECEIVE_BOOT_COMPLETED" />
16-->src/main/AndroidManifest.xml:10:5-81
16-->src/main/AndroidManifest.xml:10:22-78
17
18    <!-- Not required but declared — clarifies that we work on TV hardware. -->
19    <uses-feature
19-->src/main/AndroidManifest.xml:13:5-15:36
20        android:name="android.software.leanback"
20-->src/main/AndroidManifest.xml:14:9-49
21        android:required="false" />
21-->src/main/AndroidManifest.xml:15:9-33
22    <uses-feature
22-->src/main/AndroidManifest.xml:16:5-18:36
23        android:name="android.hardware.touchscreen"
23-->src/main/AndroidManifest.xml:17:9-52
24        android:required="false" />
24-->src/main/AndroidManifest.xml:18:9-33
25
26    <permission
26-->[androidx.core:core:1.12.0] AndroidManifest.xml:22:5-24:47
27        android:name="com.hermes.firetv.DYNAMIC_RECEIVER_NOT_EXPORTED_PERMISSION"
27-->[androidx.core:core:1.12.0] AndroidManifest.xml:23:9-81
28        android:protectionLevel="signature" />
28-->[androidx.core:core:1.12.0] AndroidManifest.xml:24:9-44
29
30    <uses-permission android:name="com.hermes.firetv.DYNAMIC_RECEIVER_NOT_EXPORTED_PERMISSION" />
30-->[androidx.core:core:1.12.0] AndroidManifest.xml:26:5-97
30-->[androidx.core:core:1.12.0] AndroidManifest.xml:26:22-94
31
32    <application
32-->src/main/AndroidManifest.xml:20:5-79:19
33        android:name="com.hermes.firetv.FireTVApplication"
33-->src/main/AndroidManifest.xml:21:9-42
34        android:allowBackup="false"
34-->src/main/AndroidManifest.xml:22:9-36
35        android:appComponentFactory="androidx.core.app.CoreComponentFactory"
35-->[androidx.core:core:1.12.0] AndroidManifest.xml:28:18-86
36        android:banner="@drawable/app_banner"
36-->src/main/AndroidManifest.xml:30:9-46
37        android:debuggable="true"
38        android:extractNativeLibs="true"
39        android:icon="@mipmap/ic_launcher"
39-->src/main/AndroidManifest.xml:23:9-43
40        android:label="@string/app_name"
40-->src/main/AndroidManifest.xml:24:9-41
41        android:networkSecurityConfig="@xml/network_security_config"
41-->src/main/AndroidManifest.xml:25:9-69
42        android:roundIcon="@mipmap/ic_launcher"
42-->src/main/AndroidManifest.xml:26:9-48
43        android:supportsRtl="true"
43-->src/main/AndroidManifest.xml:27:9-35
44        android:theme="@style/Theme.FireTVDashboard"
44-->src/main/AndroidManifest.xml:28:9-53
45        android:usesCleartextTraffic="false" >
45-->src/main/AndroidManifest.xml:29:9-45
46
47        <!-- Main dashboard Activity — full-screen immersive WebView host. -->
48        <activity
48-->src/main/AndroidManifest.xml:34:9-56:20
49            android:name="com.hermes.firetv.DashboardActivity"
49-->src/main/AndroidManifest.xml:35:13-46
50            android:configChanges="orientation|screenSize|keyboard|keyboardHidden"
50-->src/main/AndroidManifest.xml:36:13-83
51            android:exported="true"
51-->src/main/AndroidManifest.xml:37:13-36
52            android:launchMode="singleTask"
52-->src/main/AndroidManifest.xml:38:13-44
53            android:resizeableActivity="false"
53-->src/main/AndroidManifest.xml:42:13-47
54            android:screenOrientation="landscape"
54-->src/main/AndroidManifest.xml:39:13-50
55            android:theme="@style/Theme.FireTVDashboard"
55-->src/main/AndroidManifest.xml:40:13-57
56            android:windowSoftInputMode="stateAlwaysHidden" >
56-->src/main/AndroidManifest.xml:41:13-60
57
58            <!--
59                 Declare max aspect ratio for proper fullscreen on wide monitors.
60                 Fire TV is 16:9; 2.4 covers ultra-wide monitors used in some setups.
61            -->
62            <meta-data
62-->src/main/AndroidManifest.xml:46:13-48:39
63                android:name="android.max_aspect"
63-->src/main/AndroidManifest.xml:47:17-50
64                android:value="2.4" />
64-->src/main/AndroidManifest.xml:48:17-36
65
66            <!-- Fires when the app is selected from the Fire TV launcher. -->
67            <intent-filter>
67-->src/main/AndroidManifest.xml:51:13-55:29
68                <action android:name="android.intent.action.MAIN" />
68-->src/main/AndroidManifest.xml:52:17-69
68-->src/main/AndroidManifest.xml:52:25-66
69
70                <category android:name="android.intent.category.LAUNCHER" />
70-->src/main/AndroidManifest.xml:53:17-77
70-->src/main/AndroidManifest.xml:53:27-74
71                <category android:name="android.intent.category.LEANBACK_LAUNCHER" />
71-->src/main/AndroidManifest.xml:54:17-86
71-->src/main/AndroidManifest.xml:54:27-83
72            </intent-filter>
73        </activity>
74
75        <!--
76             Foreground service that keeps the screen awake.
77             exported=false because only this app's components should start it.
78        -->
79        <service
79-->src/main/AndroidManifest.xml:60:9-67:19
80            android:name="com.hermes.firetv.KeepAwakeService"
80-->src/main/AndroidManifest.xml:61:13-45
81            android:exported="false"
81-->src/main/AndroidManifest.xml:62:13-37
82            android:foregroundServiceType="specialUse" >
82-->src/main/AndroidManifest.xml:63:13-55
83            <property
83-->src/main/AndroidManifest.xml:64:13-66:71
84                android:name="android.app.PROPERTY_SPECIAL_USE_FGS_SUBTYPE"
84-->src/main/AndroidManifest.xml:65:17-76
85                android:value="Always-on Fire TV dashboard display" />
85-->src/main/AndroidManifest.xml:66:17-68
86        </service>
87
88        <!--
89             Boot receiver — launches DashboardActivity after device boot.
90             This makes the dashboard auto-resume after power loss or firmware update.
91        -->
92        <receiver
92-->src/main/AndroidManifest.xml:71:9-77:20
93            android:name="com.hermes.firetv.BootReceiver"
93-->src/main/AndroidManifest.xml:72:13-41
94            android:exported="true" >
94-->src/main/AndroidManifest.xml:73:13-36
95            <intent-filter>
95-->src/main/AndroidManifest.xml:74:13-76:29
96                <action android:name="android.intent.action.BOOT_COMPLETED" />
96-->src/main/AndroidManifest.xml:75:17-79
96-->src/main/AndroidManifest.xml:75:25-76
97            </intent-filter>
98        </receiver>
99
100        <provider
100-->[androidx.emoji2:emoji2:1.2.0] AndroidManifest.xml:24:9-32:20
101            android:name="androidx.startup.InitializationProvider"
101-->[androidx.emoji2:emoji2:1.2.0] AndroidManifest.xml:25:13-67
102            android:authorities="com.hermes.firetv.androidx-startup"
102-->[androidx.emoji2:emoji2:1.2.0] AndroidManifest.xml:26:13-68
103            android:exported="false" >
103-->[androidx.emoji2:emoji2:1.2.0] AndroidManifest.xml:27:13-37
104            <meta-data
104-->[androidx.emoji2:emoji2:1.2.0] AndroidManifest.xml:29:13-31:52
105                android:name="androidx.emoji2.text.EmojiCompatInitializer"
105-->[androidx.emoji2:emoji2:1.2.0] AndroidManifest.xml:30:17-75
106                android:value="androidx.startup" />
106-->[androidx.emoji2:emoji2:1.2.0] AndroidManifest.xml:31:17-49
107            <meta-data
107-->[androidx.lifecycle:lifecycle-process:2.6.1] AndroidManifest.xml:29:13-31:52
108                android:name="androidx.lifecycle.ProcessLifecycleInitializer"
108-->[androidx.lifecycle:lifecycle-process:2.6.1] AndroidManifest.xml:30:17-78
109                android:value="androidx.startup" />
109-->[androidx.lifecycle:lifecycle-process:2.6.1] AndroidManifest.xml:31:17-49
110            <meta-data
110-->[androidx.profileinstaller:profileinstaller:1.3.0] AndroidManifest.xml:29:13-31:52
111                android:name="androidx.profileinstaller.ProfileInstallerInitializer"
111-->[androidx.profileinstaller:profileinstaller:1.3.0] AndroidManifest.xml:30:17-85
112                android:value="androidx.startup" />
112-->[androidx.profileinstaller:profileinstaller:1.3.0] AndroidManifest.xml:31:17-49
113        </provider>
114
115        <receiver
115-->[androidx.profileinstaller:profileinstaller:1.3.0] AndroidManifest.xml:34:9-52:20
116            android:name="androidx.profileinstaller.ProfileInstallReceiver"
116-->[androidx.profileinstaller:profileinstaller:1.3.0] AndroidManifest.xml:35:13-76
117            android:directBootAware="false"
117-->[androidx.profileinstaller:profileinstaller:1.3.0] AndroidManifest.xml:36:13-44
118            android:enabled="true"
118-->[androidx.profileinstaller:profileinstaller:1.3.0] AndroidManifest.xml:37:13-35
119            android:exported="true"
119-->[androidx.profileinstaller:profileinstaller:1.3.0] AndroidManifest.xml:38:13-36
120            android:permission="android.permission.DUMP" >
120-->[androidx.profileinstaller:profileinstaller:1.3.0] AndroidManifest.xml:39:13-57
121            <intent-filter>
121-->[androidx.profileinstaller:profileinstaller:1.3.0] AndroidManifest.xml:40:13-42:29
122                <action android:name="androidx.profileinstaller.action.INSTALL_PROFILE" />
122-->[androidx.profileinstaller:profileinstaller:1.3.0] AndroidManifest.xml:41:17-91
122-->[androidx.profileinstaller:profileinstaller:1.3.0] AndroidManifest.xml:41:25-88
123            </intent-filter>
124            <intent-filter>
124-->[androidx.profileinstaller:profileinstaller:1.3.0] AndroidManifest.xml:43:13-45:29
125                <action android:name="androidx.profileinstaller.action.SKIP_FILE" />
125-->[androidx.profileinstaller:profileinstaller:1.3.0] AndroidManifest.xml:44:17-85
125-->[androidx.profileinstaller:profileinstaller:1.3.0] AndroidManifest.xml:44:25-82
126            </intent-filter>
127            <intent-filter>
127-->[androidx.profileinstaller:profileinstaller:1.3.0] AndroidManifest.xml:46:13-48:29
128                <action android:name="androidx.profileinstaller.action.SAVE_PROFILE" />
128-->[androidx.profileinstaller:profileinstaller:1.3.0] AndroidManifest.xml:47:17-88
128-->[androidx.profileinstaller:profileinstaller:1.3.0] AndroidManifest.xml:47:25-85
129            </intent-filter>
130            <intent-filter>
130-->[androidx.profileinstaller:profileinstaller:1.3.0] AndroidManifest.xml:49:13-51:29
131                <action android:name="androidx.profileinstaller.action.BENCHMARK_OPERATION" />
131-->[androidx.profileinstaller:profileinstaller:1.3.0] AndroidManifest.xml:50:17-95
131-->[androidx.profileinstaller:profileinstaller:1.3.0] AndroidManifest.xml:50:25-92
132            </intent-filter>
133        </receiver>
134    </application>
135
136</manifest>